17:10:05.995 [main                     ] DEBUG Logger               - Configured Logger
17:10:06.018 [main                     ] DEBUG GameApplication      - Logging settings
Title: HSLEIDENTALE
Version: 1.0
Width: 800
Height: 800
Fullscreen: false
Intro: false
Profiling: false
Single step:false
App Mode: DEVELOPER
Menu Key: ESCAPE
Stage Style: DECORATED
Scene Factory: class com.almasb.fxgl.app.scene.SceneFactory

17:10:06.340 [JavaFX Application Thread] DEBUG FXGLApplication      - Initializing FXGL
17:10:06.343 [JavaFX Application Thread] INFO  Engine               - FXGL-17.1 (24.03.2022 17.34) on WINDOWS (J:19.0.1 FX:17.0.2-ea)
17:10:06.343 [JavaFX Application Thread] DEBUG Engine               - JRE Vendor Name: Oracle Corporation
17:10:06.344 [JavaFX Application Thread] DEBUG Engine               - Running on OS: Windows 10 version 10.0
17:10:06.344 [JavaFX Application Thread] DEBUG Engine               - Architecture: amd64
17:10:06.344 [JavaFX Application Thread] INFO  Engine               - Source code and latest versions at: https://github.com/AlmasB/FXGL
17:10:06.344 [JavaFX Application Thread] INFO  Engine               -       Ask questions and discuss at: https://github.com/AlmasB/FXGL/discussions
17:10:06.344 [JavaFX Application Thread] INFO  Engine               -              Join the FXGL chat at: https://gitter.im/AlmasB/FXGL
17:10:06.444 [JavaFX Application Thread] DEBUG PrimaryStageWindow   - Creating a JavaFX scene
17:10:06.485 [JavaFX Application Thread] DEBUG PrimaryStageWindow   - Target settings size: 800.0 x 800.0
17:10:06.486 [JavaFX Application Thread] DEBUG PrimaryStageWindow   - Scaled scene size:    800.0 x 800.0
17:10:06.486 [JavaFX Application Thread] DEBUG PrimaryStageWindow   - Scaled ratio: (1.0, 1.0)
17:10:06.487 [JavaFX Application Thread] DEBUG PrimaryStageWindow   - Set initial scene to FXGLStartupScene
17:10:06.493 [JavaFX Application Thread] DEBUG PrimaryStageWindow   - Opening main window
17:10:06.565 [JavaFX Application Thread] DEBUG PrimaryStageWindow   - Window border size: (14.4000244140625, 37.5999755859375)
17:10:06.566 [JavaFX Application Thread] DEBUG PrimaryStageWindow   - Scaled size: 800.0 x 800.0
17:10:06.566 [JavaFX Application Thread] DEBUG PrimaryStageWindow   - Scaled ratio: (1.0, 1.0)
17:10:06.566 [JavaFX Application Thread] DEBUG PrimaryStageWindow   - Scene size: 800.0 x 800.0
17:10:06.566 [JavaFX Application Thread] DEBUG PrimaryStageWindow   - Stage size: 814.4000244140625 x 837.5999755859375
17:10:06.575 [FXGL Background Thread 1 ] DEBUG Engine               - Initializing environment variables
17:10:06.626 [FXGL Background Thread 1 ] DEBUG FXGLAssetLoaderServi - User app class for loading assets: class Game
17:10:06.627 [FXGL Background Thread 1 ] DEBUG GameApplicationServi - Applying CSS: fxgl_dark.css
17:10:06.628 [FXGL Background Thread 1 ] DEBUG FXGLAssetLoaderServi - Loading from file system: jar:file:/C:/Users/samvd/.m2/repository/com/github/almasb/fxgl/17.1/fxgl-17.1.jar!/fxglassets/ui/css/fxgl_dark.css
17:10:06.670 [FXGL Background Thread 1 ] DEBUG GameApplicationServi - Initializing application scenes
17:10:06.707 [FXGL Background Thread 1 ] DEBUG GameWorld            - Game world initialized
17:10:06.768 [FXGL Background Thread 1 ] DEBUG PhysicsWorld         - Physics world initialized: appHeight=800, physics.ppm=50,0
17:10:06.768 [FXGL Background Thread 1 ] DEBUG PhysicsWorld         - Using strategy: BRUTE_FORCE
17:10:06.773 [FXGL Background Thread 1 ] DEBUG GameScene            - Game scene initialized: 800x800
17:10:06.784 [FXGL Background Thread 1 ] DEBUG FXGL.DefaultMenu     - createMenuBodyGameMenu()
17:10:06.805 [FXGL Background Thread 1 ] DEBUG FXGL.DefaultMenu     - createOptionsMenu()
17:10:06.817 [FXGL Background Thread 1 ] DEBUG FXGLAssetLoaderServi - Loading from file system: jar:file:/C:/Users/samvd/.m2/repository/com/github/almasb/fxgl/17.1/fxgl-17.1.jar!/fxglassets/textures/particles/smoke.png
17:10:06.916 [FXGL Background Thread 1 ] DEBUG FXGLAssetLoaderServi - Loading from file system: jar:file:/C:/Users/samvd/.m2/repository/com/github/almasb/fxgl/17.1/fxgl-17.1.jar!/fxglassets/textures/particles/trace_horizontal.png
17:10:06.950 [FXGL Background Thread 1 ] DEBUG GameApplicationServi - Application scenes initialized
17:10:06.962 [FXGL Background Thread 1 ] DEBUG SystemBundleService  - Loading FXGL system data
17:10:06.966 [FXGL Background Thread 1 ] DEBUG FileSystemAccess     - Reading from: C:\Users\samvd\OneDrive\Documenten\GitHub\IPOSE_JoshuaBloch\system\fxgl.bundle
17:10:06.974 [FXGL Background Thread 1 ] DEBUG SystemBundleService  - Bundle FXGL: {}
17:10:06.974 [FXGL Background Thread 1 ] DEBUG UpdaterService       - Checking for updates
17:10:06.977 [FXGL Background Thread 4 ] DEBUG FXGLApplication      - Loading fonts
17:10:06.978 [FXGL Background Thread 4 ] DEBUG FXGLAssetLoaderServi - Loading from file system: jar:file:/C:/Users/samvd/.m2/repository/com/github/almasb/fxgl/17.1/fxgl-17.1.jar!/fxglassets/ui/fonts/VarelaRound-Regular.ttf
17:10:06.978 [FXGL Background Thread 1 ] DEBUG FXGLApplication      - Loading default localization
17:10:06.978 [FXGL Background Thread 1 ] DEBUG FXGLAssetLoaderServi - Loading from file system: jar:file:/C:/Users/samvd/.m2/repository/com/github/almasb/fxgl/17.1/fxgl-17.1.jar!/fxglassets/languages/english.lang
17:10:06.997 [FXGL Background Thread 1 ] INFO  FXGLApplication      - FXGL initialization took: 0,422 sec
17:10:07.008 [JavaFX Application Thread] DEBUG Input                - Registered new binding: action0 - D
17:10:07.008 [JavaFX Application Thread] DEBUG Input                - Registered new binding: action1 - A
17:10:07.009 [JavaFX Application Thread] DEBUG Input                - Registered new binding: action2 - W
17:10:07.009 [JavaFX Application Thread] DEBUG Input                - Registered new binding: action3 - S
17:10:07.009 [JavaFX Application Thread] DEBUG FXGLAssetLoaderServi - Loading from file system: jar:file:/C:/Users/samvd/.m2/repository/com/github/almasb/fxgl/17.1/fxgl-17.1.jar!/fxglassets/textures/fxgl_icon.png
17:10:07.029 [JavaFX Application Thread] DEBUG FXGLAssetLoaderServi - Loading from file system: jar:file:/C:/Users/samvd/.m2/repository/com/github/almasb/fxgl/17.1/fxgl-17.1.jar!/fxglassets/textures/fxgl_default_cursor.png
17:10:07.031 [JavaFX Application Thread] DEBUG Input                - Registered new binding: Screenshot - CTRL+8
17:10:07.032 [JavaFX Application Thread] DEBUG Input                - Registered new binding: System info dump - CTRL+9
17:10:07.032 [JavaFX Application Thread] DEBUG Input                - Registered new binding: Restart - CTRL+R
17:10:07.033 [JavaFX Application Thread] DEBUG Input                - Registered new binding: Toggle Debug Camera - CTRL+7
17:10:07.035 [JavaFX Application Thread] DEBUG LoopRunner           - Starting loop
17:10:07.035 [JavaFX Application Thread] DEBUG LoopRunner           - Initializing JavaFX AnimationTimerLoop
17:10:07.037 [JavaFX Application Thread] DEBUG GameApplicationServi - Starting new game
17:10:07.037 [JavaFX Application Thread] DEBUG Input                - Clearing active input actions
17:10:07.049 [JavaFX Application Thread] DEBUG GameApplicationServi - Removing overlay from FXGLStartupScene and adding to FXGLLoadingScene
17:10:07.049 [JavaFX Application Thread] DEBUG PrimaryStageWindow   - FXGLStartupScene -> FXGLLoadingScene
17:10:07.049 [JavaFX Application Thread] DEBUG GameApplicationServi - Clearing previous game
17:10:07.049 [JavaFX Application Thread] DEBUG GameScene            - Clearing game scene
17:10:07.049 [JavaFX Application Thread] DEBUG GameWorld            - Clearing game world
17:10:07.049 [JavaFX Application Thread] DEBUG PhysicsWorld         - Clearing physics world
17:10:07.051 [FXGL Background Thread 1 ] DEBUG FXGLApplication      - Initializing game
17:10:07.054 [FXGL Background Thread 1 ] DEBUG FXGLAssetLoaderServi - Loading from file system: jar:file:/C:/Users/samvd/.m2/repository/com/github/almasb/fxgl/17.1/fxgl-17.1.jar!/fxglassets/textures/
17:10:07.056 [FXGL Background Thread 1 ] WARN  FXGLAssetLoaderServi - Failed to load jar:file:/C:/Users/samvd/.m2/repository/com/github/almasb/fxgl/17.1/fxgl-17.1.jar!/fxglassets/textures/
java.io.EOFException
	at com.sun.javafx.iio.common.ImageTools.readFully(ImageTools.java:84)
	at com.sun.javafx.iio.common.ImageTools.readFully(ImageTools.java:108)
	at com.sun.javafx.iio.ImageStorage.getLoaderBySignature(ImageStorage.java:438)
	at com.sun.javafx.iio.ImageStorage.loadAll(ImageStorage.java:269)
	at com.sun.javafx.tk.quantum.PrismImageLoader2.loadAll(PrismImageLoader2.java:142)
	at com.sun.javafx.tk.quantum.PrismImageLoader2.<init>(PrismImageLoader2.java:77)
	at com.sun.javafx.tk.quantum.QuantumToolkit.loadImage(QuantumToolkit.java:806)
	at javafx.scene.image.Image.loadImage(Image.java:1081)
	at javafx.scene.image.Image.initialize(Image.java:816)
	at javafx.scene.image.Image.<init>(Image.java:706)
	at com.almasb.fxgl.app.services.ImageAssetLoader.load(FXGLAssetLoaderService.kt:641)
	at com.almasb.fxgl.app.services.ImageAssetLoader.load(FXGLAssetLoaderService.kt:636)
	at com.almasb.fxgl.app.services.AssetLoader.load(FXGLAssetLoaderService.kt:625)
	at com.almasb.fxgl.app.services.FXGLAssetLoaderService.load(FXGLAssetLoaderService.kt:530)
	at com.almasb.fxgl.app.services.FXGLAssetLoaderService.load(FXGLAssetLoaderService.kt:507)
	at com.almasb.fxgl.app.services.FXGLAssetLoaderService.load(FXGLAssetLoaderService.kt:496)
	at com.almasb.fxgl.app.services.FXGLAssetLoaderService.loadImage(FXGLAssetLoaderService.kt:166)
	at com.almasb.fxgl.app.services.FXGLAssetLoaderService.loadTexture(FXGLAssetLoaderService.kt:125)
	at com.almasb.fxgl.dsl.FXGL$Companion.texture(FXGL.kt:401)
	at com.almasb.fxgl.dsl.EntityBuilder.viewWithBBox(EntityBuilder.kt:168)
	at Game.initGame(Game.java:32)
	at com.almasb.fxgl.app.FXGLApplication$InitAppTask.initGame(FXGLApplication.kt:339)
	at com.almasb.fxgl.app.FXGLApplication$InitAppTask.call(FXGLApplication.kt:319)
	at com.almasb.fxgl.app.FXGLApplication$InitAppTask.call(FXGLApplication.kt:311)
	at javafx.concurrent.Task$TaskCallable.call(Task.java:1426)
	at java.base/java.util.concurrent.FutureTask.run(FutureTask.java:317)
	at java.base/java.util.concurrent.Executors$RunnableAdapter.call(Executors.java:577)
	at java.base/java.util.concurrent.FutureTask.run(FutureTask.java:317)
	at java.base/java.util.concurrent.ThreadPoolExecutor.runWorker(ThreadPoolExecutor.java:1144)
	at java.base/java.util.concurrent.ThreadPoolExecutor$Worker.run(ThreadPoolExecutor.java:642)
	at java.base/java.lang.Thread.run(Thread.java:1589)

17:10:07.081 [FXGL Background Thread 4 ] DEBUG FXGLAssetLoaderServi - Loading from file system: jar:file:/C:/Users/samvd/.m2/repository/com/github/almasb/fxgl/17.1/fxgl-17.1.jar!/fxglassets/ui/fonts/Abel-Regular.ttf
17:10:07.118 [FXGL Background Thread 4 ] DEBUG FXGLAssetLoaderServi - Loading from file system: jar:file:/C:/Users/samvd/.m2/repository/com/github/almasb/fxgl/17.1/fxgl-17.1.jar!/fxglassets/ui/fonts/TerminalLandMono-Regular.otf
17:10:07.148 [FXGL Background Thread 4 ] DEBUG FXGLAssetLoaderServi - Loading from file system: jar:file:/C:/Users/samvd/.m2/repository/com/github/almasb/fxgl/17.1/fxgl-17.1.jar!/fxglassets/ui/fonts/Courier-Prime.ttf
17:10:07.217 [JavaFX Application Thread] DEBUG FXGLApplication      - Registering font factories with UI factory
17:10:07.232 [FXGL Background Thread 1 ] WARN  FXGLAssetLoaderServi - Asset "/assets/textures/Untitled.png" was not found!
17:10:07.232 [FXGL Background Thread 1 ] WARN  FXGLAssetLoaderServi - Failed to load IMAGE
17:10:07.232 [FXGL Background Thread 1 ] INFO  FXGLApplication      - Game initialization took: 0,180 sec
17:10:07.277 [JavaFX Application Thread] DEBUG Input                - Clearing active input actions
17:10:07.286 [JavaFX Application Thread] DEBUG GameApplicationServi - Removing overlay from FXGLLoadingScene and adding to GameScene
17:10:07.287 [JavaFX Application Thread] DEBUG PrimaryStageWindow   - FXGLLoadingScene -> GameScene
17:10:07.345 [FXGL Background Thread 2 ] INFO  UpdaterService       - Your current version:  17.1
17:10:07.345 [FXGL Background Thread 2 ] INFO  UpdaterService       - Latest stable version: 17.3
17:10:09.977 [FXGL Background Thread 3 ] DEBUG Engine               - Logging environment variables
17:10:09.977 [FXGL Background Thread 3 ] DEBUG Engine               - achievements: []
17:10:09.978 [FXGL Background Thread 3 ] DEBUG Engine               - actualHeight: 800.0
17:10:09.978 [FXGL Background Thread 3 ] DEBUG Engine               - actualHeightProperty: ReadOnlyDoubleProperty [value: 800.0]
17:10:09.978 [FXGL Background Thread 3 ] DEBUG Engine               - actualWidth: 800.0
17:10:09.978 [FXGL Background Thread 3 ] DEBUG Engine               - actualWidthProperty: ReadOnlyDoubleProperty [value: 800.0]
17:10:09.978 [FXGL Background Thread 3 ] DEBUG Engine               - appIcon: fxgl_icon.png
17:10:09.978 [FXGL Background Thread 3 ] DEBUG Engine               - applicationMode: DEVELOPER
17:10:09.978 [FXGL Background Thread 3 ] DEBUG Engine               - cSSList: [fxgl_dark.css]
17:10:09.978 [FXGL Background Thread 3 ] DEBUG Engine               - collisionDetectionStrategy: BRUTE_FORCE
17:10:09.978 [FXGL Background Thread 3 ] DEBUG Engine               - configClass: Optional.empty
17:10:09.978 [FXGL Background Thread 3 ] DEBUG Engine               - credits: []
17:10:09.979 [FXGL Background Thread 3 ] DEBUG Engine               - defaultCursor: CursorInfo(imageName=fxgl_default_cursor.png, hotspotX=7.0, hotspotY=6.0)
17:10:09.979 [FXGL Background Thread 3 ] DEBUG Engine               - devBBoxColorProperty: ObjectProperty [value: 0xff0000ff]
17:10:09.979 [FXGL Background Thread 3 ] DEBUG Engine               - devEnableDebugCameraProperty: BooleanProperty [value: false]
17:10:09.979 [FXGL Background Thread 3 ] DEBUG Engine               - devSensorColorProperty: ObjectProperty [value: 0xffff00ff]
17:10:09.979 [FXGL Background Thread 3 ] DEBUG Engine               - devShowBBoxProperty: BooleanProperty [value: false]
17:10:09.979 [FXGL Background Thread 3 ] DEBUG Engine               - devShowPositionProperty: BooleanProperty [value: false]
17:10:09.979 [FXGL Background Thread 3 ] DEBUG Engine               - enabledMenuItems: []
17:10:09.979 [FXGL Background Thread 3 ] DEBUG Engine               - engineServices: [class com.almasb.fxgl.app.services.FXGLAssetLoaderService, class com.almasb.fxgl.app.FXGLApplication$GameApplicationService, class com.almasb.fxgl.app.services.FXGLDialogService, class com.almasb.fxgl.app.services.IOTaskExecutorService, class com.almasb.fxgl.io.FileSystemService, class com.almasb.fxgl.localization.LocalizationService, class com.almasb.fxgl.app.services.SystemBundleService, class com.almasb.fxgl.profile.SaveLoadService, class com.almasb.fxgl.ui.FXGLUIFactoryServiceProvider, class com.almasb.fxgl.ui.FXGLDialogFactoryServiceProvider, class com.almasb.fxgl.audio.AudioPlayer, class com.almasb.fxgl.notification.impl.NotificationServiceProvider, class com.almasb.fxgl.achievement.AchievementService, class com.almasb.fxgl.cutscene.CutsceneService, class com.almasb.fxgl.minigames.MiniGameService, class com.almasb.fxgl.net.NetService, class com.almasb.fxgl.app.services.UpdaterService, class com.almasb.fxgl.dev.DevService]
17:10:09.979 [FXGL Background Thread 3 ] DEBUG Engine               - fontGame: Abel-Regular.ttf
17:10:09.979 [FXGL Background Thread 3 ] DEBUG Engine               - fontMono: TerminalLandMono-Regular.otf
17:10:09.980 [FXGL Background Thread 3 ] DEBUG Engine               - fontText: Courier-Prime.ttf
17:10:09.980 [FXGL Background Thread 3 ] DEBUG Engine               - fontUI: VarelaRound-Regular.ttf
17:10:09.980 [FXGL Background Thread 3 ] DEBUG Engine               - fullScreen: BooleanProperty [value: false]
17:10:09.980 [FXGL Background Thread 3 ] DEBUG Engine               - gameDifficulty: MEDIUM
17:10:09.980 [FXGL Background Thread 3 ] DEBUG Engine               - gameDifficultyProperty: ObjectProperty [value: MEDIUM]
17:10:09.980 [FXGL Background Thread 3 ] DEBUG Engine               - globalMusicVolume: 0.5
17:10:09.980 [FXGL Background Thread 3 ] DEBUG Engine               - globalMusicVolumeProperty: DoubleProperty [value: 0.5]
17:10:09.980 [FXGL Background Thread 3 ] DEBUG Engine               - globalSoundVolume: 0.5
17:10:09.980 [FXGL Background Thread 3 ] DEBUG Engine               - globalSoundVolumeProperty: DoubleProperty [value: 0.5]
17:10:09.980 [FXGL Background Thread 3 ] DEBUG Engine               - height: 800
17:10:09.980 [FXGL Background Thread 3 ] DEBUG Engine               - is3D: false
17:10:09.980 [FXGL Background Thread 3 ] DEBUG Engine               - isAndroid: false
17:10:09.980 [FXGL Background Thread 3 ] DEBUG Engine               - isBrowser: false
17:10:09.980 [FXGL Background Thread 3 ] DEBUG Engine               - isClickFeedbackEnabled: false
17:10:09.980 [FXGL Background Thread 3 ] DEBUG Engine               - isCloseConfirmation: false
17:10:09.981 [FXGL Background Thread 3 ] DEBUG Engine               - isDesktop: true
17:10:09.981 [FXGL Background Thread 3 ] DEBUG Engine               - isDeveloperMenuEnabled: false
17:10:09.981 [FXGL Background Thread 3 ] DEBUG Engine               - isEmbedded: false
17:10:09.981 [FXGL Background Thread 3 ] DEBUG Engine               - isEntityPreloadEnabled: true
17:10:09.981 [FXGL Background Thread 3 ] DEBUG Engine               - isExperimentalTiledLargeMap: false
17:10:09.981 [FXGL Background Thread 3 ] DEBUG Engine               - isFileSystemWriteAllowed: true
17:10:09.981 [FXGL Background Thread 3 ] DEBUG Engine               - isFullScreenAllowed: false
17:10:09.981 [FXGL Background Thread 3 ] DEBUG Engine               - isFullScreenFromStart: false
17:10:09.981 [FXGL Background Thread 3 ] DEBUG Engine               - isGameMenuEnabled: true
17:10:09.981 [FXGL Background Thread 3 ] DEBUG Engine               - isIOS: false
17:10:09.981 [FXGL Background Thread 3 ] DEBUG Engine               - isIntroEnabled: false
17:10:09.981 [FXGL Background Thread 3 ] DEBUG Engine               - isLinux: false
17:10:09.981 [FXGL Background Thread 3 ] DEBUG Engine               - isMac: false
17:10:09.981 [FXGL Background Thread 3 ] DEBUG Engine               - isMainMenuEnabled: false
17:10:09.981 [FXGL Background Thread 3 ] DEBUG Engine               - isManualResizeEnabled: false
17:10:09.982 [FXGL Background Thread 3 ] DEBUG Engine               - isMobile: false
17:10:09.982 [FXGL Background Thread 3 ] DEBUG Engine               - isNative: false
17:10:09.982 [FXGL Background Thread 3 ] DEBUG Engine               - isPauseMusicWhenMinimized: true
17:10:09.982 [FXGL Background Thread 3 ] DEBUG Engine               - isPreserveResizeRatio: false
17:10:09.982 [FXGL Background Thread 3 ] DEBUG Engine               - isProfilingEnabled: false
17:10:09.982 [FXGL Background Thread 3 ] DEBUG Engine               - isScaleAffectedOnResize: true
17:10:09.982 [FXGL Background Thread 3 ] DEBUG Engine               - isSingleStep: false
17:10:09.982 [FXGL Background Thread 3 ] DEBUG Engine               - isUserProfileEnabled: false
17:10:09.982 [FXGL Background Thread 3 ] DEBUG Engine               - isWindows: true
17:10:09.982 [FXGL Background Thread 3 ] DEBUG Engine               - language: ObjectProperty [value: ENGLISH]
17:10:09.982 [FXGL Background Thread 3 ] DEBUG Engine               - menuKey: ESCAPE
17:10:09.982 [FXGL Background Thread 3 ] DEBUG Engine               - mouseSensitivity: 0.2
17:10:09.983 [FXGL Background Thread 3 ] DEBUG Engine               - notificationViewClass: class com.almasb.fxgl.notification.view.XboxNotificationView
17:10:09.983 [FXGL Background Thread 3 ] DEBUG Engine               - pixelsPerMeter: 50.0
17:10:09.983 [FXGL Background Thread 3 ] DEBUG Engine               - platform: WINDOWS
17:10:09.983 [FXGL Background Thread 3 ] DEBUG Engine               - prefHeightProperty: ReadOnlyDoubleProperty [value: 800.0]
17:10:09.983 [FXGL Background Thread 3 ] DEBUG Engine               - prefWidthProperty: ReadOnlyDoubleProperty [value: 800.0]
17:10:09.983 [FXGL Background Thread 3 ] DEBUG Engine               - profileDir: profiles/
17:10:09.983 [FXGL Background Thread 3 ] DEBUG Engine               - profileName: StringProperty [value: DEFAULT]
17:10:09.983 [FXGL Background Thread 3 ] DEBUG Engine               - randomSeed: -1
17:10:09.984 [FXGL Background Thread 3 ] DEBUG Engine               - runtimeInfo: RuntimeInfo(platform=WINDOWS, version=17.1, build=24.03.2022 17.34)
17:10:09.984 [FXGL Background Thread 3 ] DEBUG Engine               - saveFileExt: sav
17:10:09.984 [FXGL Background Thread 3 ] DEBUG Engine               - scaledHeightProp$fxgl: DoubleProperty [bound, value: 800.0]
17:10:09.984 [FXGL Background Thread 3 ] DEBUG Engine               - scaledWidthProp$fxgl: DoubleProperty [bound, value: 800.0]
17:10:09.984 [FXGL Background Thread 3 ] DEBUG Engine               - sceneFactory: com.almasb.fxgl.app.scene.SceneFactory@6e4a691d
17:10:09.984 [FXGL Background Thread 3 ] DEBUG Engine               - secondsIn24h: 60
17:10:09.984 [FXGL Background Thread 3 ] DEBUG Engine               - soundMenuBack: menu/back.wav
17:10:09.984 [FXGL Background Thread 3 ] DEBUG Engine               - soundMenuPress: menu/press.wav
17:10:09.984 [FXGL Background Thread 3 ] DEBUG Engine               - soundMenuSelect: menu/select.wav
17:10:09.984 [FXGL Background Thread 3 ] DEBUG Engine               - soundNotification: core/notification.wav
17:10:09.984 [FXGL Background Thread 3 ] DEBUG Engine               - stageStyle: DECORATED
17:10:09.984 [FXGL Background Thread 3 ] DEBUG Engine               - supportedLanguages: [ENGLISH, FRENCH, GERMAN, HUNGARIAN, RUSSIAN]
17:10:09.984 [FXGL Background Thread 3 ] DEBUG Engine               - ticksPerSecond: -1
17:10:09.984 [FXGL Background Thread 3 ] DEBUG Engine               - title: HSLEIDENTALE
17:10:09.985 [FXGL Background Thread 3 ] DEBUG Engine               - urlGithub: https://github.com/AlmasB/FXGL
17:10:09.985 [FXGL Background Thread 3 ] DEBUG Engine               - urlLeaderboard: http://fxgl-top.herokuapp.com/
17:10:09.985 [FXGL Background Thread 3 ] DEBUG Engine               - urlPOM: https://raw.githubusercontent.com/AlmasB/FXGL/release/README.md
17:10:09.985 [FXGL Background Thread 3 ] DEBUG Engine               - userAppClass: class Game
17:10:09.985 [FXGL Background Thread 3 ] DEBUG Engine               - version: 1.0
17:10:09.985 [FXGL Background Thread 3 ] DEBUG Engine               - versionCheckDays: 7
17:10:09.985 [FXGL Background Thread 3 ] DEBUG Engine               - width: 800
17:10:09.985 [FXGL Background Thread 3 ] DEBUG Engine               - Logging services
17:10:09.985 [FXGL Background Thread 3 ] DEBUG Engine               - class com.almasb.fxgl.app.services.FXGLAssetLoaderService
17:10:09.985 [FXGL Background Thread 3 ] DEBUG Engine               - class com.almasb.fxgl.app.FXGLApplication$GameApplicationService
17:10:09.985 [FXGL Background Thread 3 ] DEBUG Engine               - class com.almasb.fxgl.app.services.FXGLDialogService
17:10:09.985 [FXGL Background Thread 3 ] DEBUG Engine               - class com.almasb.fxgl.app.services.IOTaskExecutorService
17:10:09.985 [FXGL Background Thread 3 ] DEBUG Engine               - class com.almasb.fxgl.io.FileSystemService
17:10:09.985 [FXGL Background Thread 3 ] DEBUG Engine               - class com.almasb.fxgl.localization.LocalizationService
17:10:09.985 [FXGL Background Thread 3 ] DEBUG Engine               - class com.almasb.fxgl.app.services.SystemBundleService
17:10:09.985 [FXGL Background Thread 3 ] DEBUG Engine               - class com.almasb.fxgl.profile.SaveLoadService
17:10:09.985 [FXGL Background Thread 3 ] DEBUG Engine               - class com.almasb.fxgl.ui.FXGLUIFactoryServiceProvider
17:10:09.985 [FXGL Background Thread 3 ] DEBUG Engine               - class com.almasb.fxgl.ui.FXGLDialogFactoryServiceProvider
17:10:09.985 [FXGL Background Thread 3 ] DEBUG Engine               - class com.almasb.fxgl.audio.AudioPlayer
17:10:09.985 [FXGL Background Thread 3 ] DEBUG Engine               - class com.almasb.fxgl.notification.impl.NotificationServiceProvider
17:10:09.986 [FXGL Background Thread 3 ] DEBUG Engine               - class com.almasb.fxgl.achievement.AchievementService
17:10:09.986 [FXGL Background Thread 3 ] DEBUG Engine               - class com.almasb.fxgl.cutscene.CutsceneService
17:10:09.986 [FXGL Background Thread 3 ] DEBUG Engine               - class com.almasb.fxgl.minigames.MiniGameService
17:10:09.986 [FXGL Background Thread 3 ] DEBUG Engine               - class com.almasb.fxgl.net.NetService
17:10:09.986 [FXGL Background Thread 3 ] DEBUG Engine               - class com.almasb.fxgl.app.services.UpdaterService
17:10:09.986 [FXGL Background Thread 3 ] DEBUG Engine               - class com.almasb.fxgl.dev.DevService
17:11:19.674 [JavaFX Application Thread] DEBUG FXGLApplication      - Exiting FXGL
17:11:19.675 [JavaFX Application Thread] DEBUG LoopRunner           - Stopping loop
17:11:19.675 [JavaFX Application Thread] DEBUG SystemBundleService  - Saving FXGL system data
17:11:19.677 [JavaFX Application Thread] DEBUG FileSystemAccess     - Writing to: C:\Users\samvd\OneDrive\Documenten\GitHub\IPOSE_JoshuaBloch\system\fxgl.bundle
17:11:19.679 [JavaFX Application Thread] DEBUG Async                - Shutting down background threads
17:11:19.679 [JavaFX Application Thread] DEBUG PrimaryStageWindow   - Closing main window
17:11:19.686 [JavaFX Application Thread] DEBUG Logger               - Closing Logger
