12:37:54.949 [main                     ] DEBUG Logger               - Configured Logger
12:37:54.969 [main                     ] DEBUG GameApplication      - Logging settings
Title: HSLEIDENTALE
Version: 1.0
Width: 800
Height: 800
Fullscreen: false
Intro: false
Profiling: false
Single step:false
App Mode: DEVELOPER
Menu Key: ESCAPE
Stage Style: DECORATED
Scene Factory: class com.almasb.fxgl.app.scene.SceneFactory

12:37:55.282 [JavaFX Application Thread] DEBUG FXGLApplication      - Initializing FXGL
12:37:55.287 [JavaFX Application Thread] INFO  Engine               - FXGL-17.1 (24.03.2022 17.34) on WINDOWS (J:19.0.1 FX:17.0.2-ea)
12:37:55.287 [JavaFX Application Thread] DEBUG Engine               - JRE Vendor Name: Oracle Corporation
12:37:55.288 [JavaFX Application Thread] DEBUG Engine               - Running on OS: Windows 10 version 10.0
12:37:55.288 [JavaFX Application Thread] DEBUG Engine               - Architecture: amd64
12:37:55.288 [JavaFX Application Thread] INFO  Engine               - Source code and latest versions at: https://github.com/AlmasB/FXGL
12:37:55.288 [JavaFX Application Thread] INFO  Engine               -       Ask questions and discuss at: https://github.com/AlmasB/FXGL/discussions
12:37:55.288 [JavaFX Application Thread] INFO  Engine               -              Join the FXGL chat at: https://gitter.im/AlmasB/FXGL
12:37:55.403 [JavaFX Application Thread] DEBUG PrimaryStageWindow   - Creating a JavaFX scene
12:37:55.450 [JavaFX Application Thread] DEBUG PrimaryStageWindow   - Target settings size: 800.0 x 800.0
12:37:55.450 [JavaFX Application Thread] DEBUG PrimaryStageWindow   - Scaled scene size:    800.0 x 800.0
12:37:55.451 [JavaFX Application Thread] DEBUG PrimaryStageWindow   - Scaled ratio: (1.0, 1.0)
12:37:55.452 [JavaFX Application Thread] DEBUG PrimaryStageWindow   - Set initial scene to FXGLStartupScene
12:37:55.460 [JavaFX Application Thread] DEBUG PrimaryStageWindow   - Opening main window
12:37:55.554 [JavaFX Application Thread] DEBUG PrimaryStageWindow   - Window border size: (14.4000244140625, 37.5999755859375)
12:37:55.554 [JavaFX Application Thread] DEBUG PrimaryStageWindow   - Scaled size: 800.0 x 800.0
12:37:55.554 [JavaFX Application Thread] DEBUG PrimaryStageWindow   - Scaled ratio: (1.0, 1.0)
12:37:55.555 [JavaFX Application Thread] DEBUG PrimaryStageWindow   - Scene size: 800.0 x 800.0
12:37:55.555 [JavaFX Application Thread] DEBUG PrimaryStageWindow   - Stage size: 814.4000244140625 x 837.5999755859375
12:37:55.564 [FXGL Background Thread 1 ] DEBUG Engine               - Initializing environment variables
12:37:55.622 [FXGL Background Thread 1 ] DEBUG FXGLAssetLoaderServi - User app class for loading assets: class main.Game
12:37:55.622 [FXGL Background Thread 1 ] DEBUG GameApplicationServi - Applying CSS: fxgl_dark.css
12:37:55.623 [FXGL Background Thread 1 ] DEBUG FXGLAssetLoaderServi - Loading from file system: jar:file:/C:/Users/samvd/.m2/repository/com/github/almasb/fxgl/17.1/fxgl-17.1.jar!/fxglassets/ui/css/fxgl_dark.css
12:37:55.683 [FXGL Background Thread 1 ] DEBUG GameApplicationServi - Initializing application scenes
12:37:55.730 [FXGL Background Thread 1 ] DEBUG GameWorld            - main.Game world initialized
12:37:55.799 [FXGL Background Thread 1 ] DEBUG PhysicsWorld         - Physics world initialized: appHeight=800, physics.ppm=50,0
12:37:55.800 [FXGL Background Thread 1 ] DEBUG PhysicsWorld         - Using strategy: BRUTE_FORCE
12:37:55.804 [FXGL Background Thread 1 ] DEBUG GameScene            - main.Game scene initialized: 800x800
12:37:55.822 [FXGL Background Thread 1 ] DEBUG FXGL.DefaultMenu     - createMenuBodyGameMenu()
12:37:55.841 [FXGL Background Thread 1 ] DEBUG FXGL.DefaultMenu     - createOptionsMenu()
12:37:55.856 [FXGL Background Thread 1 ] DEBUG FXGLAssetLoaderServi - Loading from file system: jar:file:/C:/Users/samvd/.m2/repository/com/github/almasb/fxgl/17.1/fxgl-17.1.jar!/fxglassets/textures/particles/smoke.png
12:37:55.964 [FXGL Background Thread 1 ] DEBUG FXGLAssetLoaderServi - Loading from file system: jar:file:/C:/Users/samvd/.m2/repository/com/github/almasb/fxgl/17.1/fxgl-17.1.jar!/fxglassets/textures/particles/trace_horizontal.png
12:37:55.999 [FXGL Background Thread 1 ] DEBUG GameApplicationServi - Application scenes initialized
12:37:56.012 [FXGL Background Thread 1 ] DEBUG SystemBundleService  - Loading FXGL system data
12:37:56.021 [FXGL Background Thread 1 ] DEBUG FileSystemAccess     - Reading from: C:\Users\samvd\OneDrive\Documenten\GitHub\IPOSE_JoshuaBloch\system\fxgl.bundle
12:37:56.032 [FXGL Background Thread 1 ] DEBUG SystemBundleService  - Bundle FXGL: {}
12:37:56.032 [FXGL Background Thread 1 ] DEBUG UpdaterService       - Checking for updates
12:37:56.036 [FXGL Background Thread 4 ] DEBUG FXGLApplication      - Loading fonts
12:37:56.037 [FXGL Background Thread 4 ] DEBUG FXGLAssetLoaderServi - Loading from file system: jar:file:/C:/Users/samvd/.m2/repository/com/github/almasb/fxgl/17.1/fxgl-17.1.jar!/fxglassets/ui/fonts/VarelaRound-Regular.ttf
12:37:56.037 [FXGL Background Thread 1 ] DEBUG FXGLApplication      - Loading default localization
12:37:56.038 [FXGL Background Thread 1 ] DEBUG FXGLAssetLoaderServi - Loading from file system: jar:file:/C:/Users/samvd/.m2/repository/com/github/almasb/fxgl/17.1/fxgl-17.1.jar!/fxglassets/languages/english.lang
12:37:56.057 [FXGL Background Thread 1 ] INFO  FXGLApplication      - FXGL initialization took: 0,493 sec
12:37:56.068 [JavaFX Application Thread] DEBUG Input                - Registered new binding: action0 - D
12:37:56.068 [JavaFX Application Thread] DEBUG Input                - Registered new binding: action1 - A
12:37:56.069 [JavaFX Application Thread] DEBUG Input                - Registered new binding: action2 - W
12:37:56.069 [JavaFX Application Thread] DEBUG Input                - Registered new binding: action3 - S
12:37:56.070 [JavaFX Application Thread] DEBUG FXGLAssetLoaderServi - Loading from file system: jar:file:/C:/Users/samvd/.m2/repository/com/github/almasb/fxgl/17.1/fxgl-17.1.jar!/fxglassets/textures/fxgl_icon.png
12:37:56.087 [JavaFX Application Thread] DEBUG FXGLAssetLoaderServi - Loading from file system: jar:file:/C:/Users/samvd/.m2/repository/com/github/almasb/fxgl/17.1/fxgl-17.1.jar!/fxglassets/textures/fxgl_default_cursor.png
12:37:56.090 [JavaFX Application Thread] DEBUG Input                - Registered new binding: Screenshot - CTRL+8
12:37:56.090 [JavaFX Application Thread] DEBUG Input                - Registered new binding: System info dump - CTRL+9
12:37:56.091 [JavaFX Application Thread] DEBUG Input                - Registered new binding: Restart - CTRL+R
12:37:56.092 [JavaFX Application Thread] DEBUG Input                - Registered new binding: Toggle Debug Camera - CTRL+7
12:37:56.095 [JavaFX Application Thread] DEBUG LoopRunner           - Starting loop
12:37:56.095 [JavaFX Application Thread] DEBUG LoopRunner           - Initializing JavaFX AnimationTimerLoop
12:37:56.097 [JavaFX Application Thread] DEBUG GameApplicationServi - Starting new game
12:37:56.097 [JavaFX Application Thread] DEBUG Input                - Clearing active input actions
12:37:56.109 [JavaFX Application Thread] DEBUG GameApplicationServi - Removing overlay from FXGLStartupScene and adding to FXGLLoadingScene
12:37:56.109 [JavaFX Application Thread] DEBUG PrimaryStageWindow   - FXGLStartupScene -> FXGLLoadingScene
12:37:56.109 [JavaFX Application Thread] DEBUG GameApplicationServi - Clearing previous game
12:37:56.110 [JavaFX Application Thread] DEBUG GameScene            - Clearing game scene
12:37:56.110 [JavaFX Application Thread] DEBUG GameWorld            - Clearing game world
12:37:56.110 [JavaFX Application Thread] DEBUG PhysicsWorld         - Clearing physics world
12:37:56.111 [FXGL Background Thread 1 ] DEBUG FXGLApplication      - Initializing game
12:37:56.130 [FXGL Background Thread 1 ] INFO  FXGLApplication      - main.Game initialization took: 0,018 sec
12:37:56.153 [JavaFX Application Thread] DEBUG Input                - Clearing active input actions
12:37:56.164 [FXGL Background Thread 4 ] DEBUG FXGLAssetLoaderServi - Loading from file system: jar:file:/C:/Users/samvd/.m2/repository/com/github/almasb/fxgl/17.1/fxgl-17.1.jar!/fxglassets/ui/fonts/Abel-Regular.ttf
12:37:56.173 [JavaFX Application Thread] DEBUG GameApplicationServi - Removing overlay from FXGLLoadingScene and adding to GameScene
12:37:56.173 [JavaFX Application Thread] DEBUG PrimaryStageWindow   - FXGLLoadingScene -> GameScene
12:37:56.174 [FXGL Background Thread 4 ] DEBUG FXGLAssetLoaderServi - Loading from file system: jar:file:/C:/Users/samvd/.m2/repository/com/github/almasb/fxgl/17.1/fxgl-17.1.jar!/fxglassets/ui/fonts/TerminalLandMono-Regular.otf
12:37:56.184 [FXGL Background Thread 4 ] DEBUG FXGLAssetLoaderServi - Loading from file system: jar:file:/C:/Users/samvd/.m2/repository/com/github/almasb/fxgl/17.1/fxgl-17.1.jar!/fxglassets/ui/fonts/Courier-Prime.ttf
12:37:56.315 [JavaFX Application Thread] DEBUG FXGLApplication      - Registering font factories with UI factory
12:37:56.550 [FXGL Background Thread 2 ] INFO  UpdaterService       - Your current version:  17.1
12:37:56.550 [FXGL Background Thread 2 ] INFO  UpdaterService       - Latest stable version: 17.3
12:37:58.693 [JavaFX Application Thread] DEBUG FXGLApplication      - Exiting FXGL
12:37:58.693 [JavaFX Application Thread] DEBUG LoopRunner           - Stopping loop
12:37:58.693 [JavaFX Application Thread] DEBUG SystemBundleService  - Saving FXGL system data
12:37:58.695 [JavaFX Application Thread] DEBUG FileSystemAccess     - Writing to: C:\Users\samvd\OneDrive\Documenten\GitHub\IPOSE_JoshuaBloch\system\fxgl.bundle
12:37:58.697 [JavaFX Application Thread] DEBUG Async                - Shutting down background threads
12:37:58.697 [JavaFX Application Thread] DEBUG PrimaryStageWindow   - Closing main window
12:37:58.707 [JavaFX Application Thread] DEBUG Logger               - Closing Logger
