13:22:54.899 [main                     ] DEBUG Logger               - Configured Logger
13:22:54.923 [main                     ] DEBUG GameApplication      - Logging settings
Title: HSLEIDENTALE
Version: 1.0
Width: 800
Height: 800
Fullscreen: false
Intro: false
Profiling: false
Single step:false
App Mode: DEVELOPER
Menu Key: ESCAPE
Stage Style: DECORATED
Scene Factory: class com.almasb.fxgl.app.scene.SceneFactory

13:22:55.270 [JavaFX Application Thread] DEBUG FXGLApplication      - Initializing FXGL
13:22:55.275 [JavaFX Application Thread] INFO  Engine               - FXGL-17.1 (24.03.2022 17.34) on WINDOWS (J:19.0.1 FX:17.0.2-ea)
13:22:55.275 [JavaFX Application Thread] DEBUG Engine               - JRE Vendor Name: Oracle Corporation
13:22:55.275 [JavaFX Application Thread] DEBUG Engine               - Running on OS: Windows 10 version 10.0
13:22:55.276 [JavaFX Application Thread] DEBUG Engine               - Architecture: amd64
13:22:55.276 [JavaFX Application Thread] INFO  Engine               - Source code and latest versions at: https://github.com/AlmasB/FXGL
13:22:55.276 [JavaFX Application Thread] INFO  Engine               -       Ask questions and discuss at: https://github.com/AlmasB/FXGL/discussions
13:22:55.276 [JavaFX Application Thread] INFO  Engine               -              Join the FXGL chat at: https://gitter.im/AlmasB/FXGL
13:22:55.385 [JavaFX Application Thread] DEBUG PrimaryStageWindow   - Creating a JavaFX scene
13:22:55.430 [JavaFX Application Thread] DEBUG PrimaryStageWindow   - Target settings size: 800.0 x 800.0
13:22:55.431 [JavaFX Application Thread] DEBUG PrimaryStageWindow   - Scaled scene size:    800.0 x 800.0
13:22:55.431 [JavaFX Application Thread] DEBUG PrimaryStageWindow   - Scaled ratio: (1.0, 1.0)
13:22:55.432 [JavaFX Application Thread] DEBUG PrimaryStageWindow   - Set initial scene to FXGLStartupScene
13:22:55.438 [JavaFX Application Thread] DEBUG PrimaryStageWindow   - Opening main window
13:22:55.520 [JavaFX Application Thread] DEBUG PrimaryStageWindow   - Window border size: (14.4000244140625, 37.5999755859375)
13:22:55.521 [JavaFX Application Thread] DEBUG PrimaryStageWindow   - Scaled size: 800.0 x 800.0
13:22:55.521 [JavaFX Application Thread] DEBUG PrimaryStageWindow   - Scaled ratio: (1.0, 1.0)
13:22:55.521 [JavaFX Application Thread] DEBUG PrimaryStageWindow   - Scene size: 800.0 x 800.0
13:22:55.521 [JavaFX Application Thread] DEBUG PrimaryStageWindow   - Stage size: 814.4000244140625 x 837.5999755859375
13:22:55.530 [FXGL Background Thread 1 ] DEBUG Engine               - Initializing environment variables
13:22:55.582 [FXGL Background Thread 1 ] DEBUG FXGLAssetLoaderServi - User app class for loading assets: class main.Game
13:22:55.583 [FXGL Background Thread 1 ] DEBUG GameApplicationServi - Applying CSS: fxgl_dark.css
13:22:55.584 [FXGL Background Thread 1 ] DEBUG FXGLAssetLoaderServi - Loading from file system: jar:file:/C:/Users/samvd/.m2/repository/com/github/almasb/fxgl/17.1/fxgl-17.1.jar!/fxglassets/ui/css/fxgl_dark.css
13:22:55.648 [FXGL Background Thread 1 ] DEBUG GameApplicationServi - Initializing application scenes
13:22:55.688 [FXGL Background Thread 1 ] DEBUG GameWorld            - main.Game world initialized
13:22:55.754 [FXGL Background Thread 1 ] DEBUG PhysicsWorld         - Physics world initialized: appHeight=800, physics.ppm=50,0
13:22:55.754 [FXGL Background Thread 1 ] DEBUG PhysicsWorld         - Using strategy: BRUTE_FORCE
13:22:55.759 [FXGL Background Thread 1 ] DEBUG GameScene            - main.Game scene initialized: 800x800
13:22:55.772 [FXGL Background Thread 1 ] DEBUG FXGL.DefaultMenu     - createMenuBodyGameMenu()
13:22:55.787 [FXGL Background Thread 1 ] DEBUG FXGL.DefaultMenu     - createOptionsMenu()
13:22:55.799 [FXGL Background Thread 1 ] DEBUG FXGLAssetLoaderServi - Loading from file system: jar:file:/C:/Users/samvd/.m2/repository/com/github/almasb/fxgl/17.1/fxgl-17.1.jar!/fxglassets/textures/particles/smoke.png
13:22:55.920 [FXGL Background Thread 1 ] DEBUG FXGLAssetLoaderServi - Loading from file system: jar:file:/C:/Users/samvd/.m2/repository/com/github/almasb/fxgl/17.1/fxgl-17.1.jar!/fxglassets/textures/particles/trace_horizontal.png
13:22:55.981 [FXGL Background Thread 1 ] DEBUG GameApplicationServi - Application scenes initialized
13:22:55.995 [FXGL Background Thread 1 ] DEBUG SystemBundleService  - Loading FXGL system data
13:22:55.999 [FXGL Background Thread 1 ] DEBUG FileSystemAccess     - Reading from: C:\Users\samvd\OneDrive\Documenten\GitHub\IPOSE_JoshuaBloch\system\fxgl.bundle
13:22:56.009 [FXGL Background Thread 1 ] DEBUG SystemBundleService  - Bundle FXGL: {}
13:22:56.010 [FXGL Background Thread 1 ] DEBUG UpdaterService       - Checking for updates
13:22:56.015 [FXGL Background Thread 1 ] DEBUG FXGLApplication      - Loading default localization
13:22:56.016 [FXGL Background Thread 1 ] DEBUG FXGLAssetLoaderServi - Loading from file system: jar:file:/C:/Users/samvd/.m2/repository/com/github/almasb/fxgl/17.1/fxgl-17.1.jar!/fxglassets/languages/english.lang
13:22:56.017 [FXGL Background Thread 4 ] DEBUG FXGLApplication      - Loading fonts
13:22:56.018 [FXGL Background Thread 4 ] DEBUG FXGLAssetLoaderServi - Loading from file system: jar:file:/C:/Users/samvd/.m2/repository/com/github/almasb/fxgl/17.1/fxgl-17.1.jar!/fxglassets/ui/fonts/VarelaRound-Regular.ttf
13:22:56.033 [FXGL Background Thread 1 ] INFO  FXGLApplication      - FXGL initialization took: 0,503 sec
13:22:56.043 [JavaFX Application Thread] DEBUG Input                - Registered new binding: action0 - D
13:22:56.044 [JavaFX Application Thread] DEBUG Input                - Registered new binding: action1 - A
13:22:56.044 [JavaFX Application Thread] DEBUG Input                - Registered new binding: action2 - W
13:22:56.045 [JavaFX Application Thread] DEBUG Input                - Registered new binding: action3 - S
13:22:56.045 [JavaFX Application Thread] DEBUG FXGLAssetLoaderServi - Loading from file system: jar:file:/C:/Users/samvd/.m2/repository/com/github/almasb/fxgl/17.1/fxgl-17.1.jar!/fxglassets/textures/fxgl_icon.png
13:22:56.072 [JavaFX Application Thread] DEBUG FXGLAssetLoaderServi - Loading from file system: jar:file:/C:/Users/samvd/.m2/repository/com/github/almasb/fxgl/17.1/fxgl-17.1.jar!/fxglassets/textures/fxgl_default_cursor.png
13:22:56.074 [JavaFX Application Thread] DEBUG Input                - Registered new binding: Screenshot - CTRL+8
13:22:56.075 [JavaFX Application Thread] DEBUG Input                - Registered new binding: System info dump - CTRL+9
13:22:56.075 [JavaFX Application Thread] DEBUG Input                - Registered new binding: Restart - CTRL+R
13:22:56.076 [JavaFX Application Thread] DEBUG Input                - Registered new binding: Toggle Debug Camera - CTRL+7
13:22:56.078 [JavaFX Application Thread] DEBUG LoopRunner           - Starting loop
13:22:56.078 [JavaFX Application Thread] DEBUG LoopRunner           - Initializing JavaFX AnimationTimerLoop
13:22:56.080 [JavaFX Application Thread] DEBUG GameApplicationServi - Starting new game
13:22:56.081 [JavaFX Application Thread] DEBUG Input                - Clearing active input actions
13:22:56.091 [JavaFX Application Thread] DEBUG GameApplicationServi - Removing overlay from FXGLStartupScene and adding to FXGLLoadingScene
13:22:56.092 [JavaFX Application Thread] DEBUG PrimaryStageWindow   - FXGLStartupScene -> FXGLLoadingScene
13:22:56.092 [JavaFX Application Thread] DEBUG GameApplicationServi - Clearing previous game
13:22:56.092 [JavaFX Application Thread] DEBUG GameScene            - Clearing game scene
13:22:56.092 [JavaFX Application Thread] DEBUG GameWorld            - Clearing game world
13:22:56.092 [JavaFX Application Thread] DEBUG PhysicsWorld         - Clearing physics world
13:22:56.094 [FXGL Background Thread 1 ] DEBUG FXGLApplication      - Initializing game
13:22:56.097 [FXGL Background Thread 1 ] DEBUG FXGLAssetLoaderServi - Loading from file system: jar:file:/C:/Users/samvd/.m2/repository/com/github/almasb/fxgl/17.1/fxgl-17.1.jar!/fxglassets/textures/
13:22:56.099 [FXGL Background Thread 1 ] WARN  FXGLAssetLoaderServi - Failed to load jar:file:/C:/Users/samvd/.m2/repository/com/github/almasb/fxgl/17.1/fxgl-17.1.jar!/fxglassets/textures/
java.io.EOFException
	at com.sun.javafx.iio.common.ImageTools.readFully(ImageTools.java:84)
	at com.sun.javafx.iio.common.ImageTools.readFully(ImageTools.java:108)
	at com.sun.javafx.iio.ImageStorage.getLoaderBySignature(ImageStorage.java:438)
	at com.sun.javafx.iio.ImageStorage.loadAll(ImageStorage.java:269)
	at com.sun.javafx.tk.quantum.PrismImageLoader2.loadAll(PrismImageLoader2.java:142)
	at com.sun.javafx.tk.quantum.PrismImageLoader2.<init>(PrismImageLoader2.java:77)
	at com.sun.javafx.tk.quantum.QuantumToolkit.loadImage(QuantumToolkit.java:806)
	at javafx.scene.image.Image.loadImage(Image.java:1081)
	at javafx.scene.image.Image.initialize(Image.java:816)
	at javafx.scene.image.Image.<init>(Image.java:706)
	at com.almasb.fxgl.app.services.ImageAssetLoader.load(FXGLAssetLoaderService.kt:641)
	at com.almasb.fxgl.app.services.ImageAssetLoader.load(FXGLAssetLoaderService.kt:636)
	at com.almasb.fxgl.app.services.AssetLoader.load(FXGLAssetLoaderService.kt:625)
	at com.almasb.fxgl.app.services.FXGLAssetLoaderService.load(FXGLAssetLoaderService.kt:530)
	at com.almasb.fxgl.app.services.FXGLAssetLoaderService.load(FXGLAssetLoaderService.kt:507)
	at com.almasb.fxgl.app.services.FXGLAssetLoaderService.load(FXGLAssetLoaderService.kt:496)
	at com.almasb.fxgl.app.services.FXGLAssetLoaderService.loadImage(FXGLAssetLoaderService.kt:166)
	at com.almasb.fxgl.app.services.FXGLAssetLoaderService.loadTexture(FXGLAssetLoaderService.kt:125)
	at com.almasb.fxgl.dsl.FXGL$Companion.texture(FXGL.kt:401)
	at com.almasb.fxgl.dsl.EntityBuilder.viewWithBBox(EntityBuilder.kt:168)
	at main.Game.initGame(main.Game.java:30)
	at com.almasb.fxgl.app.FXGLApplication$InitAppTask.initGame(FXGLApplication.kt:339)
	at com.almasb.fxgl.app.FXGLApplication$InitAppTask.call(FXGLApplication.kt:319)
	at com.almasb.fxgl.app.FXGLApplication$InitAppTask.call(FXGLApplication.kt:311)
	at javafx.concurrent.Task$TaskCallable.call(Task.java:1426)
	at java.base/java.util.concurrent.FutureTask.run(FutureTask.java:317)
	at java.base/java.util.concurrent.Executors$RunnableAdapter.call(Executors.java:577)
	at java.base/java.util.concurrent.FutureTask.run(FutureTask.java:317)
	at java.base/java.util.concurrent.ThreadPoolExecutor.runWorker(ThreadPoolExecutor.java:1144)
	at java.base/java.util.concurrent.ThreadPoolExecutor$Worker.run(ThreadPoolExecutor.java:642)
	at java.base/java.lang.Thread.run(Thread.java:1589)

13:22:56.210 [FXGL Background Thread 4 ] DEBUG FXGLAssetLoaderServi - Loading from file system: jar:file:/C:/Users/samvd/.m2/repository/com/github/almasb/fxgl/17.1/fxgl-17.1.jar!/fxglassets/ui/fonts/Abel-Regular.ttf
13:22:56.221 [FXGL Background Thread 4 ] DEBUG FXGLAssetLoaderServi - Loading from file system: jar:file:/C:/Users/samvd/.m2/repository/com/github/almasb/fxgl/17.1/fxgl-17.1.jar!/fxglassets/ui/fonts/TerminalLandMono-Regular.otf
13:22:56.233 [FXGL Background Thread 4 ] DEBUG FXGLAssetLoaderServi - Loading from file system: jar:file:/C:/Users/samvd/.m2/repository/com/github/almasb/fxgl/17.1/fxgl-17.1.jar!/fxglassets/ui/fonts/Courier-Prime.ttf
13:22:56.310 [FXGL Background Thread 1 ] INFO  FXGLApplication      - main.Game initialization took: 0,217 sec
13:22:56.371 [JavaFX Application Thread] DEBUG Input                - Clearing active input actions
13:22:56.382 [JavaFX Application Thread] DEBUG GameApplicationServi - Removing overlay from FXGLLoadingScene and adding to GameScene
13:22:56.382 [JavaFX Application Thread] DEBUG PrimaryStageWindow   - FXGLLoadingScene -> GameScene
13:22:56.382 [JavaFX Application Thread] DEBUG FXGLApplication      - Registering font factories with UI factory
13:22:56.521 [FXGL Background Thread 2 ] INFO  UpdaterService       - Your current version:  17.1
13:22:56.521 [FXGL Background Thread 2 ] INFO  UpdaterService       - Latest stable version: 17.3
13:22:59.014 [FXGL Background Thread 3 ] DEBUG Engine               - Logging environment variables
13:22:59.014 [FXGL Background Thread 3 ] DEBUG Engine               - achievements: []
13:22:59.014 [FXGL Background Thread 3 ] DEBUG Engine               - actualHeight: 800.0
13:22:59.014 [FXGL Background Thread 3 ] DEBUG Engine               - actualHeightProperty: ReadOnlyDoubleProperty [value: 800.0]
13:22:59.014 [FXGL Background Thread 3 ] DEBUG Engine               - actualWidth: 800.0
13:22:59.014 [FXGL Background Thread 3 ] DEBUG Engine               - actualWidthProperty: ReadOnlyDoubleProperty [value: 800.0]
13:22:59.014 [FXGL Background Thread 3 ] DEBUG Engine               - appIcon: fxgl_icon.png
13:22:59.014 [FXGL Background Thread 3 ] DEBUG Engine               - applicationMode: DEVELOPER
13:22:59.014 [FXGL Background Thread 3 ] DEBUG Engine               - cSSList: [fxgl_dark.css]
13:22:59.015 [FXGL Background Thread 3 ] DEBUG Engine               - collisionDetectionStrategy: BRUTE_FORCE
13:22:59.015 [FXGL Background Thread 3 ] DEBUG Engine               - configClass: Optional.empty
13:22:59.015 [FXGL Background Thread 3 ] DEBUG Engine               - credits: []
13:22:59.015 [FXGL Background Thread 3 ] DEBUG Engine               - defaultCursor: CursorInfo(imageName=fxgl_default_cursor.png, hotspotX=7.0, hotspotY=6.0)
13:22:59.015 [FXGL Background Thread 3 ] DEBUG Engine               - devBBoxColorProperty: ObjectProperty [value: 0xff0000ff]
13:22:59.015 [FXGL Background Thread 3 ] DEBUG Engine               - devEnableDebugCameraProperty: BooleanProperty [value: false]
13:22:59.015 [FXGL Background Thread 3 ] DEBUG Engine               - devSensorColorProperty: ObjectProperty [value: 0xffff00ff]
13:22:59.015 [FXGL Background Thread 3 ] DEBUG Engine               - devShowBBoxProperty: BooleanProperty [value: false]
13:22:59.015 [FXGL Background Thread 3 ] DEBUG Engine               - devShowPositionProperty: BooleanProperty [value: false]
13:22:59.015 [FXGL Background Thread 3 ] DEBUG Engine               - enabledMenuItems: []
13:22:59.015 [FXGL Background Thread 3 ] DEBUG Engine               - engineServices: [class com.almasb.fxgl.app.services.FXGLAssetLoaderService, class com.almasb.fxgl.app.FXGLApplication$GameApplicationService, class com.almasb.fxgl.app.services.FXGLDialogService, class com.almasb.fxgl.app.services.IOTaskExecutorService, class com.almasb.fxgl.io.FileSystemService, class com.almasb.fxgl.localization.LocalizationService, class com.almasb.fxgl.app.services.SystemBundleService, class com.almasb.fxgl.profile.SaveLoadService, class com.almasb.fxgl.ui.FXGLUIFactoryServiceProvider, class com.almasb.fxgl.ui.FXGLDialogFactoryServiceProvider, class com.almasb.fxgl.audio.AudioPlayer, class com.almasb.fxgl.notification.impl.NotificationServiceProvider, class com.almasb.fxgl.achievement.AchievementService, class com.almasb.fxgl.cutscene.CutsceneService, class com.almasb.fxgl.minigames.MiniGameService, class com.almasb.fxgl.net.NetService, class com.almasb.fxgl.app.services.UpdaterService, class com.almasb.fxgl.dev.DevService]
13:22:59.015 [FXGL Background Thread 3 ] DEBUG Engine               - fontGame: Abel-Regular.ttf
13:22:59.016 [FXGL Background Thread 3 ] DEBUG Engine               - fontMono: TerminalLandMono-Regular.otf
13:22:59.016 [FXGL Background Thread 3 ] DEBUG Engine               - fontText: Courier-Prime.ttf
13:22:59.016 [FXGL Background Thread 3 ] DEBUG Engine               - fontUI: VarelaRound-Regular.ttf
13:22:59.016 [FXGL Background Thread 3 ] DEBUG Engine               - fullScreen: BooleanProperty [value: false]
13:22:59.016 [FXGL Background Thread 3 ] DEBUG Engine               - gameDifficulty: MEDIUM
13:22:59.016 [FXGL Background Thread 3 ] DEBUG Engine               - gameDifficultyProperty: ObjectProperty [value: MEDIUM]
13:22:59.016 [FXGL Background Thread 3 ] DEBUG Engine               - globalMusicVolume: 0.5
13:22:59.016 [FXGL Background Thread 3 ] DEBUG Engine               - globalMusicVolumeProperty: DoubleProperty [value: 0.5]
13:22:59.016 [FXGL Background Thread 3 ] DEBUG Engine               - globalSoundVolume: 0.5
13:22:59.016 [FXGL Background Thread 3 ] DEBUG Engine               - globalSoundVolumeProperty: DoubleProperty [value: 0.5]
13:22:59.016 [FXGL Background Thread 3 ] DEBUG Engine               - height: 800
13:22:59.016 [FXGL Background Thread 3 ] DEBUG Engine               - is3D: false
13:22:59.016 [FXGL Background Thread 3 ] DEBUG Engine               - isAndroid: false
13:22:59.016 [FXGL Background Thread 3 ] DEBUG Engine               - isBrowser: false
13:22:59.016 [FXGL Background Thread 3 ] DEBUG Engine               - isClickFeedbackEnabled: false
13:22:59.017 [FXGL Background Thread 3 ] DEBUG Engine               - isCloseConfirmation: false
13:22:59.017 [FXGL Background Thread 3 ] DEBUG Engine               - isDesktop: true
13:22:59.017 [FXGL Background Thread 3 ] DEBUG Engine               - isDeveloperMenuEnabled: false
13:22:59.017 [FXGL Background Thread 3 ] DEBUG Engine               - isEmbedded: false
13:22:59.017 [FXGL Background Thread 3 ] DEBUG Engine               - isEntityPreloadEnabled: true
13:22:59.017 [FXGL Background Thread 3 ] DEBUG Engine               - isExperimentalTiledLargeMap: false
13:22:59.017 [FXGL Background Thread 3 ] DEBUG Engine               - isFileSystemWriteAllowed: true
13:22:59.017 [FXGL Background Thread 3 ] DEBUG Engine               - isFullScreenAllowed: false
13:22:59.017 [FXGL Background Thread 3 ] DEBUG Engine               - isFullScreenFromStart: false
13:22:59.017 [FXGL Background Thread 3 ] DEBUG Engine               - isGameMenuEnabled: true
13:22:59.017 [FXGL Background Thread 3 ] DEBUG Engine               - isIOS: false
13:22:59.017 [FXGL Background Thread 3 ] DEBUG Engine               - isIntroEnabled: false
13:22:59.017 [FXGL Background Thread 3 ] DEBUG Engine               - isLinux: false
13:22:59.017 [FXGL Background Thread 3 ] DEBUG Engine               - isMac: false
13:22:59.017 [FXGL Background Thread 3 ] DEBUG Engine               - isMainMenuEnabled: false
13:22:59.017 [FXGL Background Thread 3 ] DEBUG Engine               - isManualResizeEnabled: false
13:22:59.018 [FXGL Background Thread 3 ] DEBUG Engine               - isMobile: false
13:22:59.018 [FXGL Background Thread 3 ] DEBUG Engine               - isNative: false
13:22:59.018 [FXGL Background Thread 3 ] DEBUG Engine               - isPauseMusicWhenMinimized: true
13:22:59.018 [FXGL Background Thread 3 ] DEBUG Engine               - isPreserveResizeRatio: false
13:22:59.018 [FXGL Background Thread 3 ] DEBUG Engine               - isProfilingEnabled: false
13:22:59.018 [FXGL Background Thread 3 ] DEBUG Engine               - isScaleAffectedOnResize: true
13:22:59.018 [FXGL Background Thread 3 ] DEBUG Engine               - isSingleStep: false
13:22:59.018 [FXGL Background Thread 3 ] DEBUG Engine               - isUserProfileEnabled: false
13:22:59.018 [FXGL Background Thread 3 ] DEBUG Engine               - isWindows: true
13:22:59.018 [FXGL Background Thread 3 ] DEBUG Engine               - language: ObjectProperty [value: ENGLISH]
13:22:59.018 [FXGL Background Thread 3 ] DEBUG Engine               - menuKey: ESCAPE
13:22:59.018 [FXGL Background Thread 3 ] DEBUG Engine               - mouseSensitivity: 0.2
13:22:59.018 [FXGL Background Thread 3 ] DEBUG Engine               - notificationViewClass: class com.almasb.fxgl.notification.view.XboxNotificationView
13:22:59.018 [FXGL Background Thread 3 ] DEBUG Engine               - pixelsPerMeter: 50.0
13:22:59.018 [FXGL Background Thread 3 ] DEBUG Engine               - platform: WINDOWS
13:22:59.018 [FXGL Background Thread 3 ] DEBUG Engine               - prefHeightProperty: ReadOnlyDoubleProperty [value: 800.0]
13:22:59.018 [FXGL Background Thread 3 ] DEBUG Engine               - prefWidthProperty: ReadOnlyDoubleProperty [value: 800.0]
13:22:59.018 [FXGL Background Thread 3 ] DEBUG Engine               - profileDir: profiles/
13:22:59.018 [FXGL Background Thread 3 ] DEBUG Engine               - profileName: StringProperty [value: DEFAULT]
13:22:59.019 [FXGL Background Thread 3 ] DEBUG Engine               - randomSeed: -1
13:22:59.019 [FXGL Background Thread 3 ] DEBUG Engine               - runtimeInfo: RuntimeInfo(platform=WINDOWS, version=17.1, build=24.03.2022 17.34)
13:22:59.019 [FXGL Background Thread 3 ] DEBUG Engine               - saveFileExt: sav
13:22:59.019 [FXGL Background Thread 3 ] DEBUG Engine               - scaledHeightProp$fxgl: DoubleProperty [bound, value: 800.0]
13:22:59.019 [FXGL Background Thread 3 ] DEBUG Engine               - scaledWidthProp$fxgl: DoubleProperty [bound, value: 800.0]
13:22:59.019 [FXGL Background Thread 3 ] DEBUG Engine               - sceneFactory: com.almasb.fxgl.app.scene.SceneFactory@571790c1
13:22:59.019 [FXGL Background Thread 3 ] DEBUG Engine               - secondsIn24h: 60
13:22:59.019 [FXGL Background Thread 3 ] DEBUG Engine               - soundMenuBack: menu/back.wav
13:22:59.019 [FXGL Background Thread 3 ] DEBUG Engine               - soundMenuPress: menu/press.wav
13:22:59.019 [FXGL Background Thread 3 ] DEBUG Engine               - soundMenuSelect: menu/select.wav
13:22:59.019 [FXGL Background Thread 3 ] DEBUG Engine               - soundNotification: core/notification.wav
13:22:59.019 [FXGL Background Thread 3 ] DEBUG Engine               - stageStyle: DECORATED
13:22:59.019 [FXGL Background Thread 3 ] DEBUG Engine               - supportedLanguages: [ENGLISH, FRENCH, GERMAN, HUNGARIAN, RUSSIAN]
13:22:59.019 [FXGL Background Thread 3 ] DEBUG Engine               - ticksPerSecond: -1
13:22:59.019 [FXGL Background Thread 3 ] DEBUG Engine               - title: HSLEIDENTALE
13:22:59.019 [FXGL Background Thread 3 ] DEBUG Engine               - urlGithub: https://github.com/AlmasB/FXGL
13:22:59.019 [FXGL Background Thread 3 ] DEBUG Engine               - urlLeaderboard: http://fxgl-top.herokuapp.com/
13:22:59.019 [FXGL Background Thread 3 ] DEBUG Engine               - urlPOM: https://raw.githubusercontent.com/AlmasB/FXGL/release/README.md
13:22:59.019 [FXGL Background Thread 3 ] DEBUG Engine               - userAppClass: class main.Game
13:22:59.020 [FXGL Background Thread 3 ] DEBUG Engine               - version: 1.0
13:22:59.020 [FXGL Background Thread 3 ] DEBUG Engine               - versionCheckDays: 7
13:22:59.020 [FXGL Background Thread 3 ] DEBUG Engine               - width: 800
13:22:59.020 [FXGL Background Thread 3 ] DEBUG Engine               - Logging services
13:22:59.020 [FXGL Background Thread 3 ] DEBUG Engine               - class com.almasb.fxgl.app.services.FXGLAssetLoaderService
13:22:59.020 [FXGL Background Thread 3 ] DEBUG Engine               - class com.almasb.fxgl.app.FXGLApplication$GameApplicationService
13:22:59.020 [FXGL Background Thread 3 ] DEBUG Engine               - class com.almasb.fxgl.app.services.FXGLDialogService
13:22:59.020 [FXGL Background Thread 3 ] DEBUG Engine               - class com.almasb.fxgl.app.services.IOTaskExecutorService
13:22:59.020 [FXGL Background Thread 3 ] DEBUG Engine               - class com.almasb.fxgl.io.FileSystemService
13:22:59.020 [FXGL Background Thread 3 ] DEBUG Engine               - class com.almasb.fxgl.localization.LocalizationService
13:22:59.020 [FXGL Background Thread 3 ] DEBUG Engine               - class com.almasb.fxgl.app.services.SystemBundleService
13:22:59.020 [FXGL Background Thread 3 ] DEBUG Engine               - class com.almasb.fxgl.profile.SaveLoadService
13:22:59.020 [FXGL Background Thread 3 ] DEBUG Engine               - class com.almasb.fxgl.ui.FXGLUIFactoryServiceProvider
13:22:59.020 [FXGL Background Thread 3 ] DEBUG Engine               - class com.almasb.fxgl.ui.FXGLDialogFactoryServiceProvider
13:22:59.020 [FXGL Background Thread 3 ] DEBUG Engine               - class com.almasb.fxgl.audio.AudioPlayer
13:22:59.020 [FXGL Background Thread 3 ] DEBUG Engine               - class com.almasb.fxgl.notification.impl.NotificationServiceProvider
13:22:59.020 [FXGL Background Thread 3 ] DEBUG Engine               - class com.almasb.fxgl.achievement.AchievementService
13:22:59.020 [FXGL Background Thread 3 ] DEBUG Engine               - class com.almasb.fxgl.cutscene.CutsceneService
13:22:59.020 [FXGL Background Thread 3 ] DEBUG Engine               - class com.almasb.fxgl.minigames.MiniGameService
13:22:59.020 [FXGL Background Thread 3 ] DEBUG Engine               - class com.almasb.fxgl.net.NetService
13:22:59.020 [FXGL Background Thread 3 ] DEBUG Engine               - class com.almasb.fxgl.app.services.UpdaterService
13:22:59.020 [FXGL Background Thread 3 ] DEBUG Engine               - class com.almasb.fxgl.dev.DevService
13:23:01.576 [JavaFX Application Thread] DEBUG FXGLApplication      - Exiting FXGL
13:23:01.576 [JavaFX Application Thread] DEBUG LoopRunner           - Stopping loop
13:23:01.576 [JavaFX Application Thread] DEBUG SystemBundleService  - Saving FXGL system data
13:23:01.578 [JavaFX Application Thread] DEBUG FileSystemAccess     - Writing to: C:\Users\samvd\OneDrive\Documenten\GitHub\IPOSE_JoshuaBloch\system\fxgl.bundle
13:23:01.580 [JavaFX Application Thread] DEBUG Async                - Shutting down background threads
13:23:01.580 [JavaFX Application Thread] DEBUG PrimaryStageWindow   - Closing main window
13:23:01.587 [JavaFX Application Thread] DEBUG Logger               - Closing Logger
